2021-04-26 11:27:41 : Determined quarter to be ~Q1~ and current year to be ~2021~
2021-04-26 11:27:42 : Updated FactSheetDates CSV File with selected dates
2021-04-26 11:42:07 : ~~~~~~~~~~~~ acx CSV CONVERSION START ~~~~~~~~~~~~
2021-04-26 11:42:07 : Converted acx.xlsx file to csv
2021-04-26 11:42:07 : Moved the acx.csv files to the fund's InDesign Links folder in Dropbox
2021-04-26 11:42:07 : Deleted remaining acx.xlsx files from CSV Conversion directory
2021-04-26 11:42:07 : ~~~~~~~~~~~~ acx CHART GENERATION START ~~~~~~~~~~~~
2021-04-26 11:42:07 : Created HTML file for acx chart generation
2021-04-26 11:42:07 : Initializing Local Server for amCharts
2021-04-26 11:42:15 : acx charts generated in SVG format using amCharts
2021-04-26 11:42:15 : acx charts moved to the funds InDesign Links folder
2021-04-26 11:42:15 : ############################### END OF RUN - CATALYST ###############################
2021-04-26 11:43:38 : ~~~~~~~~~~~~ acx CSV CONVERSION START ~~~~~~~~~~~~
2021-04-26 11:43:38 : Converted acx.xlsx file to csv
2021-04-26 11:43:39 : Moved the acx.csv files to the fund's InDesign Links folder in Dropbox
2021-04-26 11:43:39 : Deleted remaining acx.xlsx files from CSV Conversion directory
2021-04-26 11:43:39 : ~~~~~~~~~~~~ acx CHART GENERATION START ~~~~~~~~~~~~
2021-04-26 11:43:39 : Created HTML file for acx chart generation
2021-04-26 11:43:39 : Initializing Local Server for amCharts
2021-04-26 11:43:46 : acx charts generated in SVG format using amCharts
2021-04-26 11:43:46 : acx charts moved to the funds InDesign Links folder
2021-04-26 11:43:46 : ############################### END OF RUN - CATALYST ###############################
2021-04-26 11:45:09 : ~~~~~~~~~~~~ acx CSV CONVERSION START ~~~~~~~~~~~~
2021-04-26 11:45:09 : Converted acx.xlsx file to csv
2021-04-26 11:45:09 : Moved the acx.csv files to the fund's InDesign Links folder in Dropbox
2021-04-26 11:45:09 : Deleted remaining acx.xlsx files from CSV Conversion directory
2021-04-26 11:45:09 : ~~~~~~~~~~~~ acx CHART GENERATION START ~~~~~~~~~~~~
2021-04-26 11:45:09 : Created HTML file for acx chart generation
2021-04-26 11:45:09 : Initializing Local Server for amCharts
2021-04-26 11:45:16 : acx charts generated in SVG format using amCharts
2021-04-26 11:45:16 : acx charts moved to the funds InDesign Links folder
2021-04-26 11:45:16 : ############################### END OF RUN - CATALYST ###############################
2021-04-26 11:47:08 : ~~~~~~~~~~~~ ACX CSV CONVERSION START ~~~~~~~~~~~~
2021-04-26 11:47:08 : Converted ACX.xlsx file to csv
2021-04-26 11:47:08 : Moved the ACX.csv files to the fund's InDesign Links folder in Dropbox
2021-04-26 11:47:08 : Deleted remaining ACX.xlsx files from CSV Conversion directory
2021-04-26 11:47:08 : ~~~~~~~~~~~~ ACX CHART GENERATION START ~~~~~~~~~~~~
2021-04-26 11:47:08 : Created HTML file for ACX chart generation
2021-04-26 11:47:08 : Initializing Local Server for amCharts
2021-04-26 11:47:16 : ACX charts generated in SVG format using amCharts
2021-04-26 11:47:16 : ACX charts moved to the funds InDesign Links folder
2021-04-26 11:47:16 : ############################### END OF RUN - CATALYST ###############################
2021-04-26 11:56:41 : ~~~~~~~~~~~~ ACX CSV CONVERSION START ~~~~~~~~~~~~
2021-04-26 11:56:41 : Converted ACX.xlsx file to csv
2021-04-26 11:56:42 : Moved the ACX.csv files to the fund's InDesign Links folder in Dropbox
2021-04-26 11:56:42 : Deleted remaining ACX.xlsx files from CSV Conversion directory
2021-04-26 11:56:42 : ~~~~~~~~~~~~ ACX CHART GENERATION START ~~~~~~~~~~~~
2021-04-26 11:56:42 : Created HTML file for ACX chart generation
2021-04-26 11:56:42 : Initializing Local Server for amCharts
2021-04-26 11:56:49 : ACX charts generated in SVG format using amCharts
2021-04-26 11:56:49 : ACX charts moved to the funds InDesign Links folder
2021-04-26 11:56:49 : ############################### END OF RUN - CATALYST ###############################
2021-04-26 12:03:27 : ~~~~~~~~~~~~ ATR CSV CONVERSION START ~~~~~~~~~~~~
2021-04-26 12:03:27 : Converted ATR.xlsx file to csv
2021-04-26 12:03:27 : Moved the ATR.csv files to the fund's InDesign Links folder in Dropbox
2021-04-26 12:03:27 : Deleted remaining ATR.xlsx files from CSV Conversion directory
2021-04-26 12:03:27 : ~~~~~~~~~~~~ ATR CHART GENERATION START ~~~~~~~~~~~~
2021-04-26 12:03:27 : Created HTML file for ATR chart generation
2021-04-26 12:03:27 : Initializing Local Server for amCharts
2021-04-26 12:03:32 : ATR charts generated in SVG format using amCharts
2021-04-26 12:03:32 : ATR charts moved to the funds InDesign Links folder
2021-04-26 12:03:32 : ############################### END OF RUN - CATALYST ###############################
2021-04-26 12:03:51 : Synced Dropbox data with Autocharts Data
2021-04-26 12:03:57 : ~~~~~~~~~~~~ ATR CSV CONVERSION START ~~~~~~~~~~~~
2021-04-26 12:03:57 : Converted ATR.xlsx file to csv
2021-04-26 12:03:57 : Moved the ATR.csv files to the fund's InDesign Links folder in Dropbox
2021-04-26 12:03:57 : Deleted remaining ATR.xlsx files from CSV Conversion directory
2021-04-26 12:03:57 : ~~~~~~~~~~~~ ATR CHART GENERATION START ~~~~~~~~~~~~
2021-04-26 12:03:57 : Created HTML file for ATR chart generation
2021-04-26 12:03:57 : Initializing Local Server for amCharts
2021-04-26 12:04:02 : ATR charts generated in SVG format using amCharts
2021-04-26 12:04:02 : ATR charts moved to the funds InDesign Links folder
2021-04-26 12:04:02 : ############################### END OF RUN - CATALYST ###############################
2021-04-26 12:24:57 : ~~~~~~~~~~~~ ACX CSV CONVERSION START ~~~~~~~~~~~~
2021-04-26 12:24:57 : Converted ACX.xlsx file to csv
2021-04-26 12:24:58 : Moved the ACX.csv files to the fund's InDesign Links folder in Dropbox
2021-04-26 12:24:58 : Deleted remaining ACX.xlsx files from CSV Conversion directory
2021-04-26 12:24:58 : ~~~~~~~~~~~~ ACX CHART GENERATION START ~~~~~~~~~~~~
2021-04-26 12:24:58 : Created HTML file for ACX chart generation
2021-04-26 12:24:58 : Initializing Local Server for amCharts
2021-04-26 12:25:05 : ACX charts generated in SVG format using amCharts
2021-04-26 12:25:05 : ACX charts moved to the funds InDesign Links folder
2021-04-26 12:25:05 : ############################### END OF RUN - CATALYST ###############################
2021-04-26 12:25:43 : ~~~~~~~~~~~~ CFR CSV CONVERSION START ~~~~~~~~~~~~
2021-04-26 12:25:43 : Converted CFR.xlsx and CFR-institutional.xlsx files to csv
2021-04-26 12:25:43 : Moved the CFR.csv files to the fund's InDesign Links folder in Dropbox
2021-04-26 12:25:43 : Deleted remaining CFR.xlsx files from CSV Conversion directory
2021-04-26 12:25:43 : ~~~~~~~~~~~~ CFR CHART GENERATION START ~~~~~~~~~~~~
2021-04-26 12:25:43 : Created HTML file for CFR chart generation
2021-04-26 12:25:43 : Initializing Local Server for amCharts
2021-04-26 12:25:51 : CFR charts generated in SVG format using amCharts
2021-04-26 12:25:51 : CFR charts moved to the funds InDesign Links folder
2021-04-26 12:25:51 : ############################### END OF RUN - CATALYST ###############################
2021-04-26 12:27:13 : ~~~~~~~~~~~~ CFR CSV CONVERSION START ~~~~~~~~~~~~
2021-04-26 12:27:13 : Converted CFR.xlsx and CFR-institutional.xlsx files to csv
2021-04-26 12:27:14 : Moved the CFR.csv files to the fund's InDesign Links folder in Dropbox
2021-04-26 12:27:14 : Deleted remaining CFR.xlsx files from CSV Conversion directory
2021-04-26 12:27:14 : ~~~~~~~~~~~~ CFR CHART GENERATION START ~~~~~~~~~~~~
2021-04-26 12:27:14 : Created HTML file for CFR chart generation
2021-04-26 12:27:14 : Initializing Local Server for amCharts
2021-04-26 12:27:21 : CFR charts generated in SVG format using amCharts
2021-04-26 12:27:22 : CFR charts moved to the funds InDesign Links folder
2021-04-26 12:27:22 : ############################### END OF RUN - CATALYST ###############################
2021-04-26 12:28:16 : ~~~~~~~~~~~~ CFR CSV CONVERSION START ~~~~~~~~~~~~
2021-04-26 12:28:16 : Converted CFR.xlsx and CFR-institutional.xlsx files to csv
2021-04-26 12:28:17 : Moved the CFR.csv files to the fund's InDesign Links folder in Dropbox
2021-04-26 12:28:17 : Deleted remaining CFR.xlsx files from CSV Conversion directory
2021-04-26 12:28:17 : ~~~~~~~~~~~~ CFR CHART GENERATION START ~~~~~~~~~~~~
2021-04-26 12:28:17 : Created HTML file for CFR chart generation
2021-04-26 12:28:17 : Initializing Local Server for amCharts
2021-04-26 12:28:25 : CFR charts generated in SVG format using amCharts
2021-04-26 12:28:25 : CFR charts moved to the funds InDesign Links folder
2021-04-26 12:28:25 : ############################### END OF RUN - CATALYST ###############################
2021-04-26 12:29:44 : ~~~~~~~~~~~~ CFR CSV CONVERSION START ~~~~~~~~~~~~
2021-04-26 12:29:44 : Converted CFR.xlsx and CFR-institutional.xlsx files to csv
2021-04-26 12:29:44 : Moved the CFR.csv files to the fund's InDesign Links folder in Dropbox
2021-04-26 12:29:44 : Deleted remaining CFR.xlsx files from CSV Conversion directory
2021-04-26 12:29:44 : ~~~~~~~~~~~~ CFR CHART GENERATION START ~~~~~~~~~~~~
2021-04-26 12:29:44 : Created HTML file for CFR chart generation
2021-04-26 12:29:44 : Initializing Local Server for amCharts
2021-04-26 12:29:52 : CFR charts generated in SVG format using amCharts
2021-04-26 12:29:52 : CFR charts moved to the funds InDesign Links folder
2021-04-26 12:29:52 : ############################### END OF RUN - CATALYST ###############################
2021-04-26 12:53:17 : ~~~~~~~~~~~~ CFR CSV CONVERSION START ~~~~~~~~~~~~
2021-04-26 12:53:17 : Converted CFR.xlsx and CFR-institutional.xlsx files to csv
2021-04-26 12:53:20 : ~~~~~~~~~~~~ CFR CSV CONVERSION START ~~~~~~~~~~~~
2021-04-26 12:53:20 : Converted CFR.xlsx and CFR-brochure.xlsx files to csv
2021-04-26 12:53:21 : Moved the CFR.csv files to the fund's InDesign Links folder in Dropbox
2021-04-26 12:53:21 : Deleted remaining CFR.xlsx files from CSV Conversion directory
2021-04-26 12:53:21 : ~~~~~~~~~~~~ CFR CHART GENERATION START ~~~~~~~~~~~~
2021-04-26 12:53:21 : Created HTML file for CFR chart generation
2021-04-26 12:53:21 : Initializing Local Server for amCharts
2021-04-26 12:53:29 : CFR charts generated in SVG format using amCharts
2021-04-26 12:53:30 : CFR charts moved to the funds InDesign Links folder
2021-04-26 12:53:30 : ############################### END OF RUN - CATALYST ###############################
2021-04-26 12:54:21 : Synced Dropbox data with Autocharts Data
2021-04-26 12:55:23 : ~~~~~~~~~~~~ CFR CSV CONVERSION START ~~~~~~~~~~~~
2021-04-26 12:55:23 : Converted CFR.xlsx and CFR-institutional.xlsx files to csv
2021-04-26 12:55:26 : ~~~~~~~~~~~~ CFR CSV CONVERSION START ~~~~~~~~~~~~
2021-04-26 12:55:26 : Converted CFR.xlsx and CFR-brochure.xlsx files to csv
2021-04-26 12:55:26 : Moved the CFR.csv files to the fund's InDesign Links folder in Dropbox
2021-04-26 12:55:26 : Deleted remaining CFR.xlsx files from CSV Conversion directory
2021-04-26 12:55:26 : ~~~~~~~~~~~~ CFR CHART GENERATION START ~~~~~~~~~~~~
2021-04-26 12:55:26 : Created HTML file for CFR chart generation
2021-04-26 12:55:26 : Initializing Local Server for amCharts
2021-04-26 12:55:34 : CFR charts generated in SVG format using amCharts
2021-04-26 12:55:35 : CFR charts moved to the funds InDesign Links folder
2021-04-26 12:55:35 : ############################### END OF RUN - CATALYST ###############################
2021-04-26 12:57:44 : ~~~~~~~~~~~~ CFR CSV CONVERSION START ~~~~~~~~~~~~
2021-04-26 12:57:44 : Converted CFR.xlsx and CFR-institutional.xlsx files to csv
2021-04-26 12:57:47 : ~~~~~~~~~~~~ CFR CSV CONVERSION START ~~~~~~~~~~~~
2021-04-26 12:57:47 : Converted CFR.xlsx and CFR-brochure.xlsx files to csv
2021-04-26 12:57:47 : Moved the CFR.csv files to the fund's InDesign Links folder in Dropbox
2021-04-26 12:57:47 : Deleted remaining CFR.xlsx files from CSV Conversion directory
2021-04-26 12:57:47 : ~~~~~~~~~~~~ CFR CHART GENERATION START ~~~~~~~~~~~~
2021-04-26 12:57:47 : Created HTML file for CFR chart generation
2021-04-26 12:57:47 : Initializing Local Server for amCharts
2021-04-26 12:57:56 : CFR charts generated in SVG format using amCharts
2021-04-26 12:57:57 : CFR charts moved to the funds InDesign Links folder
2021-04-26 12:57:57 : ############################### END OF RUN - CATALYST ###############################
2021-04-26 14:12:19 : Synced Dropbox data with Autocharts Data
